{"total": {"lines":{"total":1301,"covered":323,"skipped":0,"pct":24.82},"statements":{"total":1338,"covered":341,"skipped":0,"pct":25.48},"functions":{"total":420,"covered":45,"skipped":0,"pct":10.71},"branches":{"total":656,"covered":138,"skipped":0,"pct":21.03},"branchesTrue":{"total":0,"covered":0,"skipped":0,"pct":100}}
,"/Users/drikusroor/repos/uva/MUSCLE/frontend/src/API.js": {"lines":{"total":63,"covered":14,"skipped":0,"pct":22.22},"functions":{"total":17,"covered":0,"skipped":0,"pct":0},"statements":{"total":63,"covered":14,"skipped":0,"pct":22.22},"branches":{"total":2,"covered":0,"skipped":0,"pct":0}}
,"/Users/drikusroor/repos/uva/MUSCLE/frontend/src/config.js": {"lines":{"total":8,"covered":8,"skipped":0,"pct":100},"functions":{"total":0,"covered":0,"skipped":0,"pct":100},"statements":{"total":8,"covered":8,"skipped":0,"pct":100},"branches":{"total":8,"covered":7,"skipped":0,"pct":87.5}}
,"/Users/drikusroor/repos/uva/MUSCLE/frontend/src/index.js": {"lines":{"total":6,"covered":0,"skipped":0,"pct":0},"functions":{"total":0,"covered":0,"skipped":0,"pct":100},"statements":{"total":6,"covered":0,"skipped":0,"pct":0},"branches":{"total":2,"covered":0,"skipped":0,"pct":0}}
,"/Users/drikusroor/repos/uva/MUSCLE/frontend/src/serviceWorker.js": {"lines":{"total":39,"covered":0,"skipped":0,"pct":0},"functions":{"total":16,"covered":0,"skipped":0,"pct":0},"statements":{"total":39,"covered":0,"skipped":0,"pct":0},"branches":{"total":32,"covered":0,"skipped":0,"pct":0}}
,"/Users/drikusroor/repos/uva/MUSCLE/frontend/src/components/App/App.js": {"lines":{"total":2,"covered":0,"skipped":0,"pct":0},"functions":{"total":1,"covered":0,"skipped":0,"pct":0},"statements":{"total":2,"covered":0,"skipped":0,"pct":0},"branches":{"total":0,"covered":0,"skipped":0,"pct":100}}
,"/Users/drikusroor/repos/uva/MUSCLE/frontend/src/components/AppBar/AppBar.js": {"lines":{"total":9,"covered":9,"skipped":0,"pct":100},"functions":{"total":2,"covered":2,"skipped":0,"pct":100},"statements":{"total":9,"covered":9,"skipped":0,"pct":100},"branches":{"total":7,"covered":4,"skipped":0,"pct":57.14}}
,"/Users/drikusroor/repos/uva/MUSCLE/frontend/src/components/Button/Button.js": {"lines":{"total":14,"covered":10,"skipped":0,"pct":71.42},"functions":{"total":5,"covered":3,"skipped":0,"pct":60},"statements":{"total":14,"covered":10,"skipped":0,"pct":71.42},"branches":{"total":11,"covered":10,"skipped":0,"pct":90.9}}
,"/Users/drikusroor/repos/uva/MUSCLE/frontend/src/components/Circle/Circle.js": {"lines":{"total":17,"covered":17,"skipped":0,"pct":100},"functions":{"total":4,"covered":4,"skipped":0,"pct":100},"statements":{"total":17,"covered":17,"skipped":0,"pct":100},"branches":{"total":21,"covered":20,"skipped":0,"pct":95.23}}
,"/Users/drikusroor/repos/uva/MUSCLE/frontend/src/components/Consent/Consent.js": {"lines":{"total":19,"covered":19,"skipped":0,"pct":100},"functions":{"total":4,"covered":4,"skipped":0,"pct":100},"statements":{"total":19,"covered":19,"skipped":0,"pct":100},"branches":{"total":18,"covered":17,"skipped":0,"pct":94.44}}
,"/Users/drikusroor/repos/uva/MUSCLE/frontend/src/components/CountDown/CountDown.js": {"lines":{"total":10,"covered":1,"skipped":0,"pct":10},"functions":{"total":4,"covered":0,"skipped":0,"pct":0},"statements":{"total":10,"covered":1,"skipped":0,"pct":10},"branches":{"total":5,"covered":0,"skipped":0,"pct":0}}
,"/Users/drikusroor/repos/uva/MUSCLE/frontend/src/components/Experiment/Experiment.js": {"lines":{"total":60,"covered":0,"skipped":0,"pct":0},"functions":{"total":7,"covered":0,"skipped":0,"pct":0},"statements":{"total":61,"covered":0,"skipped":0,"pct":0},"branches":{"total":54,"covered":0,"skipped":0,"pct":0}}
,"/Users/drikusroor/repos/uva/MUSCLE/frontend/src/components/Explainer/Explainer.js": {"lines":{"total":9,"covered":0,"skipped":0,"pct":0},"functions":{"total":5,"covered":0,"skipped":0,"pct":0},"statements":{"total":10,"covered":0,"skipped":0,"pct":0},"branches":{"total":7,"covered":0,"skipped":0,"pct":0}}
,"/Users/drikusroor/repos/uva/MUSCLE/frontend/src/components/FeedbackForm/FeedbackForm.js": {"lines":{"total":26,"covered":8,"skipped":0,"pct":30.76},"functions":{"total":9,"covered":3,"skipped":0,"pct":33.33},"statements":{"total":28,"covered":9,"skipped":0,"pct":32.14},"branches":{"total":21,"covered":4,"skipped":0,"pct":19.04}}
,"/Users/drikusroor/repos/uva/MUSCLE/frontend/src/components/Final/Final.js": {"lines":{"total":18,"covered":0,"skipped":0,"pct":0},"functions":{"total":6,"covered":0,"skipped":0,"pct":0},"statements":{"total":18,"covered":0,"skipped":0,"pct":0},"branches":{"total":20,"covered":0,"skipped":0,"pct":0}}
,"/Users/drikusroor/repos/uva/MUSCLE/frontend/src/components/HTML/HTML.js": {"lines":{"total":2,"covered":1,"skipped":0,"pct":50},"functions":{"total":1,"covered":0,"skipped":0,"pct":0},"statements":{"total":2,"covered":1,"skipped":0,"pct":50},"branches":{"total":0,"covered":0,"skipped":0,"pct":100}}
,"/Users/drikusroor/repos/uva/MUSCLE/frontend/src/components/Histogram/Histogram.js": {"lines":{"total":10,"covered":1,"skipped":0,"pct":10},"functions":{"total":5,"covered":0,"skipped":0,"pct":0},"statements":{"total":10,"covered":1,"skipped":0,"pct":10},"branches":{"total":14,"covered":0,"skipped":0,"pct":0}}
,"/Users/drikusroor/repos/uva/MUSCLE/frontend/src/components/Info/Info.js": {"lines":{"total":14,"covered":0,"skipped":0,"pct":0},"functions":{"total":5,"covered":0,"skipped":0,"pct":0},"statements":{"total":14,"covered":0,"skipped":0,"pct":0},"branches":{"total":14,"covered":0,"skipped":0,"pct":0}}
,"/Users/drikusroor/repos/uva/MUSCLE/frontend/src/components/Listen/Listen.js": {"lines":{"total":5,"covered":0,"skipped":0,"pct":0},"functions":{"total":2,"covered":0,"skipped":0,"pct":0},"statements":{"total":5,"covered":0,"skipped":0,"pct":0},"branches":{"total":5,"covered":0,"skipped":0,"pct":0}}
,"/Users/drikusroor/repos/uva/MUSCLE/frontend/src/components/Listen/ListenFeedback.js": {"lines":{"total":5,"covered":1,"skipped":0,"pct":20},"functions":{"total":2,"covered":0,"skipped":0,"pct":0},"statements":{"total":5,"covered":1,"skipped":0,"pct":20},"branches":{"total":13,"covered":0,"skipped":0,"pct":0}}
,"/Users/drikusroor/repos/uva/MUSCLE/frontend/src/components/ListenCircle/ListenCircle.js": {"lines":{"total":2,"covered":1,"skipped":0,"pct":50},"functions":{"total":1,"covered":0,"skipped":0,"pct":0},"statements":{"total":2,"covered":1,"skipped":0,"pct":50},"branches":{"total":2,"covered":0,"skipped":0,"pct":0}}
,"/Users/drikusroor/repos/uva/MUSCLE/frontend/src/components/Loading/Loading.js": {"lines":{"total":2,"covered":2,"skipped":0,"pct":100},"functions":{"total":1,"covered":1,"skipped":0,"pct":100},"statements":{"total":2,"covered":2,"skipped":0,"pct":100},"branches":{"total":1,"covered":1,"skipped":0,"pct":100}}
,"/Users/drikusroor/repos/uva/MUSCLE/frontend/src/components/Page/DefaultPage.js": {"lines":{"total":2,"covered":0,"skipped":0,"pct":0},"functions":{"total":1,"covered":0,"skipped":0,"pct":0},"statements":{"total":2,"covered":0,"skipped":0,"pct":0},"branches":{"total":0,"covered":0,"skipped":0,"pct":100}}
,"/Users/drikusroor/repos/uva/MUSCLE/frontend/src/components/Page/Page.js": {"lines":{"total":2,"covered":0,"skipped":0,"pct":0},"functions":{"total":1,"covered":0,"skipped":0,"pct":0},"statements":{"total":2,"covered":0,"skipped":0,"pct":0},"branches":{"total":2,"covered":0,"skipped":0,"pct":0}}
,"/Users/drikusroor/repos/uva/MUSCLE/frontend/src/components/ParticipantLink/ParticipantLink.js": {"lines":{"total":15,"covered":0,"skipped":0,"pct":0},"functions":{"total":3,"covered":0,"skipped":0,"pct":0},"statements":{"total":15,"covered":0,"skipped":0,"pct":0},"branches":{"total":6,"covered":0,"skipped":0,"pct":0}}
,"/Users/drikusroor/repos/uva/MUSCLE/frontend/src/components/PlayButton/PlayButton.js": {"lines":{"total":5,"covered":1,"skipped":0,"pct":20},"functions":{"total":3,"covered":0,"skipped":0,"pct":0},"statements":{"total":6,"covered":1,"skipped":0,"pct":16.66},"branches":{"total":9,"covered":0,"skipped":0,"pct":0}}
,"/Users/drikusroor/repos/uva/MUSCLE/frontend/src/components/PlayButton/PlayCard.js": {"lines":{"total":4,"covered":1,"skipped":0,"pct":25},"functions":{"total":2,"covered":0,"skipped":0,"pct":0},"statements":{"total":4,"covered":1,"skipped":0,"pct":25},"branches":{"total":2,"covered":0,"skipped":0,"pct":0}}
,"/Users/drikusroor/repos/uva/MUSCLE/frontend/src/components/PlayButton/PlayerSmall.js": {"lines":{"total":2,"covered":1,"skipped":0,"pct":50},"functions":{"total":1,"covered":0,"skipped":0,"pct":0},"statements":{"total":2,"covered":1,"skipped":0,"pct":50},"branches":{"total":2,"covered":0,"skipped":0,"pct":0}}
,"/Users/drikusroor/repos/uva/MUSCLE/frontend/src/components/Playback/Autoplay.js": {"lines":{"total":6,"covered":1,"skipped":0,"pct":16.66},"functions":{"total":3,"covered":0,"skipped":0,"pct":0},"statements":{"total":6,"covered":1,"skipped":0,"pct":16.66},"branches":{"total":5,"covered":0,"skipped":0,"pct":0}}
,"/Users/drikusroor/repos/uva/MUSCLE/frontend/src/components/Playback/MatchingPairs.js": {"lines":{"total":89,"covered":21,"skipped":0,"pct":23.59},"functions":{"total":16,"covered":2,"skipped":0,"pct":12.5},"statements":{"total":96,"covered":21,"skipped":0,"pct":21.87},"branches":{"total":32,"covered":5,"skipped":0,"pct":15.62}}
,"/Users/drikusroor/repos/uva/MUSCLE/frontend/src/components/Playback/MultiPlayer.js": {"lines":{"total":4,"covered":1,"skipped":0,"pct":25},"functions":{"total":3,"covered":0,"skipped":0,"pct":0},"statements":{"total":4,"covered":1,"skipped":0,"pct":25},"branches":{"total":8,"covered":0,"skipped":0,"pct":0}}
,"/Users/drikusroor/repos/uva/MUSCLE/frontend/src/components/Playback/Playback.js": {"lines":{"total":80,"covered":7,"skipped":0,"pct":8.75},"functions":{"total":17,"covered":0,"skipped":0,"pct":0},"statements":{"total":80,"covered":7,"skipped":0,"pct":8.75},"branches":{"total":47,"covered":0,"skipped":0,"pct":0}}
,"/Users/drikusroor/repos/uva/MUSCLE/frontend/src/components/Playback/SpectrogramPlayer.js": {"lines":{"total":12,"covered":1,"skipped":0,"pct":8.33},"functions":{"total":3,"covered":0,"skipped":0,"pct":0},"statements":{"total":12,"covered":1,"skipped":0,"pct":8.33},"branches":{"total":10,"covered":0,"skipped":0,"pct":0}}
,"/Users/drikusroor/repos/uva/MUSCLE/frontend/src/components/Playlist/Playlist.js": {"lines":{"total":18,"covered":0,"skipped":0,"pct":0},"functions":{"total":7,"covered":0,"skipped":0,"pct":0},"statements":{"total":18,"covered":0,"skipped":0,"pct":0},"branches":{"total":7,"covered":0,"skipped":0,"pct":0}}
,"/Users/drikusroor/repos/uva/MUSCLE/frontend/src/components/Preload/Preload.js": {"lines":{"total":31,"covered":1,"skipped":0,"pct":3.22},"functions":{"total":6,"covered":0,"skipped":0,"pct":0},"statements":{"total":31,"covered":1,"skipped":0,"pct":3.22},"branches":{"total":20,"covered":0,"skipped":0,"pct":0}}
,"/Users/drikusroor/repos/uva/MUSCLE/frontend/src/components/Profile/Profile.js": {"lines":{"total":13,"covered":0,"skipped":0,"pct":0},"functions":{"total":3,"covered":0,"skipped":0,"pct":0},"statements":{"total":13,"covered":0,"skipped":0,"pct":0},"branches":{"total":7,"covered":0,"skipped":0,"pct":0}}
,"/Users/drikusroor/repos/uva/MUSCLE/frontend/src/components/Question/Question.js": {"lines":{"total":28,"covered":17,"skipped":0,"pct":60.71},"functions":{"total":3,"covered":2,"skipped":0,"pct":66.66},"statements":{"total":28,"covered":17,"skipped":0,"pct":60.71},"branches":{"total":18,"covered":5,"skipped":0,"pct":27.77}}
,"/Users/drikusroor/repos/uva/MUSCLE/frontend/src/components/Question/_AutoComplete.js": {"lines":{"total":9,"covered":2,"skipped":0,"pct":22.22},"functions":{"total":6,"covered":0,"skipped":0,"pct":0},"statements":{"total":9,"covered":2,"skipped":0,"pct":22.22},"branches":{"total":1,"covered":0,"skipped":0,"pct":0}}
,"/Users/drikusroor/repos/uva/MUSCLE/frontend/src/components/Question/_ButtonArray.js": {"lines":{"total":13,"covered":11,"skipped":0,"pct":84.61},"functions":{"total":6,"covered":5,"skipped":0,"pct":83.33},"statements":{"total":13,"covered":11,"skipped":0,"pct":84.61},"branches":{"total":6,"covered":5,"skipped":0,"pct":83.33}}
,"/Users/drikusroor/repos/uva/MUSCLE/frontend/src/components/Question/_Checkboxes.js": {"lines":{"total":14,"covered":2,"skipped":0,"pct":14.28},"functions":{"total":6,"covered":0,"skipped":0,"pct":0},"statements":{"total":14,"covered":2,"skipped":0,"pct":14.28},"branches":{"total":4,"covered":0,"skipped":0,"pct":0}}
,"/Users/drikusroor/repos/uva/MUSCLE/frontend/src/components/Question/_DropDown.js": {"lines":{"total":4,"covered":1,"skipped":0,"pct":25},"functions":{"total":3,"covered":0,"skipped":0,"pct":0},"statements":{"total":4,"covered":1,"skipped":0,"pct":25},"branches":{"total":0,"covered":0,"skipped":0,"pct":100}}
,"/Users/drikusroor/repos/uva/MUSCLE/frontend/src/components/Question/_IconRange.js": {"lines":{"total":11,"covered":1,"skipped":0,"pct":9.09},"functions":{"total":2,"covered":0,"skipped":0,"pct":0},"statements":{"total":11,"covered":1,"skipped":0,"pct":9.09},"branches":{"total":2,"covered":0,"skipped":0,"pct":0}}
,"/Users/drikusroor/repos/uva/MUSCLE/frontend/src/components/Question/_Radios.js": {"lines":{"total":8,"covered":2,"skipped":0,"pct":25},"functions":{"total":6,"covered":0,"skipped":0,"pct":0},"statements":{"total":8,"covered":2,"skipped":0,"pct":25},"branches":{"total":0,"covered":0,"skipped":0,"pct":100}}
,"/Users/drikusroor/repos/uva/MUSCLE/frontend/src/components/Question/_Range.js": {"lines":{"total":5,"covered":1,"skipped":0,"pct":20},"functions":{"total":1,"covered":0,"skipped":0,"pct":0},"statements":{"total":5,"covered":1,"skipped":0,"pct":20},"branches":{"total":4,"covered":0,"skipped":0,"pct":0}}
,"/Users/drikusroor/repos/uva/MUSCLE/frontend/src/components/Question/_RangeLimits.js": {"lines":{"total":3,"covered":1,"skipped":0,"pct":33.33},"functions":{"total":2,"covered":0,"skipped":0,"pct":0},"statements":{"total":3,"covered":1,"skipped":0,"pct":33.33},"branches":{"total":2,"covered":0,"skipped":0,"pct":0}}
,"/Users/drikusroor/repos/uva/MUSCLE/frontend/src/components/Question/_RangeTitle.js": {"lines":{"total":4,"covered":1,"skipped":0,"pct":25},"functions":{"total":1,"covered":0,"skipped":0,"pct":0},"statements":{"total":4,"covered":1,"skipped":0,"pct":25},"branches":{"total":5,"covered":0,"skipped":0,"pct":0}}
,"/Users/drikusroor/repos/uva/MUSCLE/frontend/src/components/Question/_String.js": {"lines":{"total":20,"covered":1,"skipped":0,"pct":5},"functions":{"total":5,"covered":0,"skipped":0,"pct":0},"statements":{"total":20,"covered":1,"skipped":0,"pct":5},"branches":{"total":16,"covered":0,"skipped":0,"pct":0}}
,"/Users/drikusroor/repos/uva/MUSCLE/frontend/src/components/Question/_TextRange.js": {"lines":{"total":11,"covered":1,"skipped":0,"pct":9.09},"functions":{"total":2,"covered":0,"skipped":0,"pct":0},"statements":{"total":11,"covered":1,"skipped":0,"pct":9.09},"branches":{"total":2,"covered":0,"skipped":0,"pct":0}}
,"/Users/drikusroor/repos/uva/MUSCLE/frontend/src/components/Rank/Rank.js": {"lines":{"total":2,"covered":0,"skipped":0,"pct":0},"functions":{"total":1,"covered":0,"skipped":0,"pct":0},"statements":{"total":2,"covered":0,"skipped":0,"pct":0},"branches":{"total":0,"covered":0,"skipped":0,"pct":100}}
,"/Users/drikusroor/repos/uva/MUSCLE/frontend/src/components/Reload/Reload.js": {"lines":{"total":5,"covered":0,"skipped":0,"pct":0},"functions":{"total":2,"covered":0,"skipped":0,"pct":0},"statements":{"total":5,"covered":0,"skipped":0,"pct":0},"branches":{"total":0,"covered":0,"skipped":0,"pct":100}}
,"/Users/drikusroor/repos/uva/MUSCLE/frontend/src/components/Score/Score.js": {"lines":{"total":21,"covered":20,"skipped":0,"pct":95.23},"functions":{"total":7,"covered":7,"skipped":0,"pct":100},"statements":{"total":21,"covered":20,"skipped":0,"pct":95.23},"branches":{"total":18,"covered":17,"skipped":0,"pct":94.44}}
,"/Users/drikusroor/repos/uva/MUSCLE/frontend/src/components/Social/Social.js": {"lines":{"total":12,"covered":0,"skipped":0,"pct":0},"functions":{"total":7,"covered":0,"skipped":0,"pct":0},"statements":{"total":12,"covered":0,"skipped":0,"pct":0},"branches":{"total":17,"covered":0,"skipped":0,"pct":0}}
,"/Users/drikusroor/repos/uva/MUSCLE/frontend/src/components/StartSession/StartSession.js": {"lines":{"total":11,"covered":0,"skipped":0,"pct":0},"functions":{"total":3,"covered":0,"skipped":0,"pct":0},"statements":{"total":11,"covered":0,"skipped":0,"pct":0},"branches":{"total":2,"covered":0,"skipped":0,"pct":0}}
,"/Users/drikusroor/repos/uva/MUSCLE/frontend/src/components/StoreProfile/StoreProfile.js": {"lines":{"total":15,"covered":0,"skipped":0,"pct":0},"functions":{"total":3,"covered":0,"skipped":0,"pct":0},"statements":{"total":15,"covered":0,"skipped":0,"pct":0},"branches":{"total":8,"covered":0,"skipped":0,"pct":0}}
,"/Users/drikusroor/repos/uva/MUSCLE/frontend/src/components/ToontjeHoger/ToontjeHoger.js": {"lines":{"total":39,"covered":0,"skipped":0,"pct":0},"functions":{"total":14,"covered":0,"skipped":0,"pct":0},"statements":{"total":39,"covered":0,"skipped":0,"pct":0},"branches":{"total":12,"covered":0,"skipped":0,"pct":0}}
,"/Users/drikusroor/repos/uva/MUSCLE/frontend/src/components/Trial/Trial.js": {"lines":{"total":45,"covered":11,"skipped":0,"pct":24.44},"functions":{"total":13,"covered":1,"skipped":0,"pct":7.69},"statements":{"total":51,"covered":11,"skipped":0,"pct":21.56},"branches":{"total":38,"covered":7,"skipped":0,"pct":18.42}}
,"/Users/drikusroor/repos/uva/MUSCLE/frontend/src/components/UserFeedback/UserFeedback.js": {"lines":{"total":11,"covered":0,"skipped":0,"pct":0},"functions":{"total":3,"covered":0,"skipped":0,"pct":0},"statements":{"total":11,"covered":0,"skipped":0,"pct":0},"branches":{"total":2,"covered":0,"skipped":0,"pct":0}}
,"/Users/drikusroor/repos/uva/MUSCLE/frontend/src/config/sentry.js": {"lines":{"total":6,"covered":0,"skipped":0,"pct":0},"functions":{"total":1,"covered":0,"skipped":0,"pct":0},"statements":{"total":6,"covered":0,"skipped":0,"pct":0},"branches":{"total":2,"covered":0,"skipped":0,"pct":0}}
,"/Users/drikusroor/repos/uva/MUSCLE/frontend/src/hooks/useResultHandler.js": {"lines":{"total":16,"covered":15,"skipped":0,"pct":93.75},"functions":{"total":2,"covered":2,"skipped":0,"pct":100},"statements":{"total":16,"covered":15,"skipped":0,"pct":93.75},"branches":{"total":12,"covered":9,"skipped":0,"pct":75}}
,"/Users/drikusroor/repos/uva/MUSCLE/frontend/src/stories/Button.stories.js": {"lines":{"total":23,"covered":0,"skipped":0,"pct":0},"functions":{"total":22,"covered":0,"skipped":0,"pct":0},"statements":{"total":23,"covered":0,"skipped":0,"pct":0},"branches":{"total":0,"covered":0,"skipped":0,"pct":100}}
,"/Users/drikusroor/repos/uva/MUSCLE/frontend/src/stories/ButtonArray.stories.js": {"lines":{"total":4,"covered":0,"skipped":0,"pct":0},"functions":{"total":4,"covered":0,"skipped":0,"pct":0},"statements":{"total":4,"covered":0,"skipped":0,"pct":0},"branches":{"total":0,"covered":0,"skipped":0,"pct":100}}
,"/Users/drikusroor/repos/uva/MUSCLE/frontend/src/stories/Circle.stories.js": {"lines":{"total":20,"covered":0,"skipped":0,"pct":0},"functions":{"total":11,"covered":0,"skipped":0,"pct":0},"statements":{"total":20,"covered":0,"skipped":0,"pct":0},"branches":{"total":0,"covered":0,"skipped":0,"pct":100}}
,"/Users/drikusroor/repos/uva/MUSCLE/frontend/src/stories/Experiment.stories.js": {"lines":{"total":6,"covered":0,"skipped":0,"pct":0},"functions":{"total":4,"covered":0,"skipped":0,"pct":0},"statements":{"total":6,"covered":0,"skipped":0,"pct":0},"branches":{"total":0,"covered":0,"skipped":0,"pct":100}}
,"/Users/drikusroor/repos/uva/MUSCLE/frontend/src/stories/Explainer.stories.js": {"lines":{"total":9,"covered":0,"skipped":0,"pct":0},"functions":{"total":6,"covered":0,"skipped":0,"pct":0},"statements":{"total":9,"covered":0,"skipped":0,"pct":0},"branches":{"total":0,"covered":0,"skipped":0,"pct":100}}
,"/Users/drikusroor/repos/uva/MUSCLE/frontend/src/stories/Info.stories.js": {"lines":{"total":5,"covered":0,"skipped":0,"pct":0},"functions":{"total":3,"covered":0,"skipped":0,"pct":0},"statements":{"total":5,"covered":0,"skipped":0,"pct":0},"branches":{"total":0,"covered":0,"skipped":0,"pct":100}}
,"/Users/drikusroor/repos/uva/MUSCLE/frontend/src/stories/MatchingPairs.stories.js": {"lines":{"total":5,"covered":0,"skipped":0,"pct":0},"functions":{"total":7,"covered":0,"skipped":0,"pct":0},"statements":{"total":6,"covered":0,"skipped":0,"pct":0},"branches":{"total":1,"covered":0,"skipped":0,"pct":0}}
,"/Users/drikusroor/repos/uva/MUSCLE/frontend/src/stories/Playback.stories.js": {"lines":{"total":2,"covered":0,"skipped":0,"pct":0},"functions":{"total":4,"covered":0,"skipped":0,"pct":0},"statements":{"total":2,"covered":0,"skipped":0,"pct":0},"branches":{"total":0,"covered":0,"skipped":0,"pct":100}}
,"/Users/drikusroor/repos/uva/MUSCLE/frontend/src/stories/Preload.stories.js": {"lines":{"total":2,"covered":0,"skipped":0,"pct":0},"functions":{"total":2,"covered":0,"skipped":0,"pct":0},"statements":{"total":2,"covered":0,"skipped":0,"pct":0},"branches":{"total":0,"covered":0,"skipped":0,"pct":100}}
,"/Users/drikusroor/repos/uva/MUSCLE/frontend/src/stories/Question.stories.js": {"lines":{"total":25,"covered":0,"skipped":0,"pct":0},"functions":{"total":24,"covered":0,"skipped":0,"pct":0},"statements":{"total":25,"covered":0,"skipped":0,"pct":0},"branches":{"total":0,"covered":0,"skipped":0,"pct":100}}
,"/Users/drikusroor/repos/uva/MUSCLE/frontend/src/stories/Trial.stories.js": {"lines":{"total":2,"covered":0,"skipped":0,"pct":0},"functions":{"total":3,"covered":0,"skipped":0,"pct":0},"statements":{"total":2,"covered":0,"skipped":0,"pct":0},"branches":{"total":0,"covered":0,"skipped":0,"pct":100}}
,"/Users/drikusroor/repos/uva/MUSCLE/frontend/src/util/audio.js": {"lines":{"total":90,"covered":30,"skipped":0,"pct":33.33},"functions":{"total":25,"covered":0,"skipped":0,"pct":0},"statements":{"total":90,"covered":30,"skipped":0,"pct":33.33},"branches":{"total":14,"covered":1,"skipped":0,"pct":7.14}}
,"/Users/drikusroor/repos/uva/MUSCLE/frontend/src/util/audioControl.js": {"lines":{"total":17,"covered":2,"skipped":0,"pct":11.76},"functions":{"total":2,"covered":0,"skipped":0,"pct":0},"statements":{"total":17,"covered":2,"skipped":0,"pct":11.76},"branches":{"total":7,"covered":0,"skipped":0,"pct":0}}
,"/Users/drikusroor/repos/uva/MUSCLE/frontend/src/util/classNames.js": {"lines":{"total":1,"covered":1,"skipped":0,"pct":100},"functions":{"total":1,"covered":1,"skipped":0,"pct":100},"statements":{"total":1,"covered":1,"skipped":0,"pct":100},"branches":{"total":0,"covered":0,"skipped":0,"pct":100}}
,"/Users/drikusroor/repos/uva/MUSCLE/frontend/src/util/label.js": {"lines":{"total":16,"covered":16,"skipped":0,"pct":100},"functions":{"total":2,"covered":2,"skipped":0,"pct":100},"statements":{"total":18,"covered":18,"skipped":0,"pct":100},"branches":{"total":12,"covered":11,"skipped":0,"pct":91.66}}
,"/Users/drikusroor/repos/uva/MUSCLE/frontend/src/util/roman.js": {"lines":{"total":17,"covered":17,"skipped":0,"pct":100},"functions":{"total":1,"covered":1,"skipped":0,"pct":100},"statements":{"total":30,"covered":30,"skipped":0,"pct":100},"branches":{"total":4,"covered":4,"skipped":0,"pct":100}}
,"/Users/drikusroor/repos/uva/MUSCLE/frontend/src/util/section.js": {"lines":{"total":8,"covered":0,"skipped":0,"pct":0},"functions":{"total":1,"covered":0,"skipped":0,"pct":0},"statements":{"total":8,"covered":0,"skipped":0,"pct":0},"branches":{"total":8,"covered":0,"skipped":0,"pct":0}}
,"/Users/drikusroor/repos/uva/MUSCLE/frontend/src/util/time.js": {"lines":{"total":2,"covered":2,"skipped":0,"pct":100},"functions":{"total":2,"covered":1,"skipped":0,"pct":50},"statements":{"total":4,"covered":3,"skipped":0,"pct":75},"branches":{"total":0,"covered":0,"skipped":0,"pct":100}}
,"/Users/drikusroor/repos/uva/MUSCLE/frontend/src/util/timer.js": {"lines":{"total":20,"covered":20,"skipped":0,"pct":100},"functions":{"total":3,"covered":3,"skipped":0,"pct":100},"statements":{"total":20,"covered":20,"skipped":0,"pct":100},"branches":{"total":12,"covered":11,"skipped":0,"pct":91.66}}
,"/Users/drikusroor/repos/uva/MUSCLE/frontend/src/util/useGet.js": {"lines":{"total":20,"covered":1,"skipped":0,"pct":5},"functions":{"total":4,"covered":0,"skipped":0,"pct":0},"statements":{"total":20,"covered":1,"skipped":0,"pct":5},"branches":{"total":0,"covered":0,"skipped":0,"pct":100}}
,"/Users/drikusroor/repos/uva/MUSCLE/frontend/src/util/webAudio.js": {"lines":{"total":70,"covered":19,"skipped":0,"pct":27.14},"functions":{"total":23,"covered":0,"skipped":0,"pct":0},"statements":{"total":70,"covered":19,"skipped":0,"pct":27.14},"branches":{"total":12,"covered":0,"skipped":0,"pct":0}}
,"/Users/drikusroor/repos/uva/MUSCLE/frontend/src/util/testUtils/makeDefaultScoreProps.js": {"lines":{"total":1,"covered":1,"skipped":0,"pct":100},"functions":{"total":1,"covered":1,"skipped":0,"pct":100},"statements":{"total":2,"covered":2,"skipped":0,"pct":100},"branches":{"total":1,"covered":0,"skipped":0,"pct":0}}
}
